
		
[Windows 95 Params]
	WndTitle    = 计算机录入与排版技术-打字与练习
	WndMess     = 正在初始化安装...
	TmpDirSize  = 500
	TmpDirName  = ~msstfqf.t
	CmdLine     = acmsetup /T setup.stf /S %s %s
	DrvWinClass = Stuff-Shell
	Require31   = 此程序需要 Windows 95 或 Windows NT 3.51 或更高版本。
	DrvModName = ACMSETUP
	CabinetFile = SETUP1.CAB

[Windows 95 Files]
	@acmsetup.exe = acmsetup.exe
	@acmsetup.hlp = acmsetup.hlp
	@mssetup.dll = mssetup.dll
	setup.stf = setup.stf
	setup.inf = setup.inf
	@wizset32.dll = wizset32.dll

[NT3.51 Intel Params]
	WndTitle    = 计算机录入与排版技术-打字与练习
	WndMess     = 正在初始化安装...
	TmpDirSize  = 500
	TmpDirName  = ~msstfqf.t
	CmdLine     = acmsetup /T setup.stf /S %s %s
	DrvWinClass = Stuff-Shell
	Require31   = 此程序需要 Windows 95 或 Windows NT 3.51 或更高版本。
	DrvModName  = ACMSETUP
	CabinetFile = SETUP1.CAB

[NT3.51 Intel Files]
	@acmsetup.exe = acmsetup.exe
	@acmsetup.hlp = acmsetup.hlp
	@mssetup.dll = mssetup.dll
	setup.stf = setup.stf
	setup.inf = setup.inf
	@wizset32.dll = wizset32.dll
